# ELBREAD: Elaboration process.
# ELBREAD: Error: Architecture 'Driver' of entity 'Test_Adder8' not found in library 'taller_de_arqui'.
# ELBREAD: Error: Elaboration process completed with errors.
# Design: Error: Elaboration failed
acom -O3 -e 100 -work taller_de_arqui -2002  $dsn/src/ejercicio1.vhd $dsn/src/test_bench_and2.vhd $dsn/src/and2.vhd $dsn/src/DFF.vhd $dsn/src/Test_DFF.vhd $dsn/src/Latch8.vhd $dsn/src/Test_latch8.vhd $dsn/src/pruebas.vhd $dsn/src/Demora.vhd $dsn/src/Adder8.vhd $dsn/src/FullAdder.vhd $dsn/src/Test_Adder8.vhd
# Warning: DAGGEN_0523: The source is compiled without the -dbg switch. Line breakpoints and assertion debug will not be available.
# File: C:/Users/franc/Desktop/TallerDeArquitectura/taller_de_arqui/src/ejercicio1.vhd
# Compile Entity "ejercicio1"
# Compile Architecture "ejercicio1" of Entity "ejercicio1"
# File: C:/Users/franc/Desktop/TallerDeArquitectura/taller_de_arqui/src/test_bench_and2.vhd
# Compile Entity "test_bench_and2"
# Compile Architecture "test" of Entity "test_bench_and2"
# File: C:/Users/franc/Desktop/TallerDeArquitectura/taller_de_arqui/src/and2.vhd
# Compile Entity "and2"
# Compile Architecture "rtl" of Entity "and2"
# File: C:/Users/franc/Desktop/TallerDeArquitectura/taller_de_arqui/src/DFF.vhd
# Compile Entity "DFF"
# Compile Architecture "flujodedatos" of Entity "DFF"
# File: C:/Users/franc/Desktop/TallerDeArquitectura/taller_de_arqui/src/Test_DFF.vhd
# Compile Entity "Test_DFF"
# Compile Architecture "Driver" of Entity "Test_DFF"
# File: C:/Users/franc/Desktop/TallerDeArquitectura/taller_de_arqui/src/Latch8.vhd
# Compile Entity "Latch8"
# Compile Architecture "Estructura" of Entity "Latch8"
# File: C:/Users/franc/Desktop/TallerDeArquitectura/taller_de_arqui/src/Test_latch8.vhd
# Compile Entity "Test_latch8"
# Compile Architecture "Driver" of Entity "Test_latch8"
# File: C:/Users/franc/Desktop/TallerDeArquitectura/taller_de_arqui/src/pruebas.vhd
# Compile Entity "pruebas"
# Compile Architecture "pruebas" of Entity "pruebas"
# File: C:/Users/franc/Desktop/TallerDeArquitectura/taller_de_arqui/src/Demora.vhd
# Compile Entity "Demora"
# Compile Architecture "Ejemplo" of Entity "Demora"
# File: C:/Users/franc/Desktop/TallerDeArquitectura/taller_de_arqui/src/Adder8.vhd
# Compile Entity "Adder8"
# Compile Architecture "Estructura" of Entity "Adder8"
# File: C:/Users/franc/Desktop/TallerDeArquitectura/taller_de_arqui/src/FullAdder.vhd
# Compile Entity "FullAdder"
# Compile Architecture "ecuacion" of Entity "fulladder"
# File: C:/Users/franc/Desktop/TallerDeArquitectura/taller_de_arqui/src/Test_Adder8.vhd
# Compile Entity "Test_Adder8"
# Compile Architecture "Driver" of Entity "Test_Adder8"
# Compile success 0 Errors 0 Warnings  Analysis time :  0.2 [s]
acom -O3 -e 100 -work taller_de_arqui -2002  $dsn/src/test_fulladder.vhd
# Warning: DAGGEN_0523: The source is compiled without the -dbg switch. Line breakpoints and assertion debug will not be available.
# File: C:/Users/franc/Desktop/TallerDeArquitectura/taller_de_arqui/src/test_fulladder.vhd
# Compile Entity "test_fulladder"
# Compile Architecture "driver" of Entity "test_fulladder"
# Compile success 0 Errors 0 Warnings  Analysis time :  31.0 [ms]
acom -O3 -e 100 -work taller_de_arqui -2002  $dsn/src/test_fulladder.vhd
# Warning: DAGGEN_0523: The source is compiled without the -dbg switch. Line breakpoints and assertion debug will not be available.
# File: C:/Users/franc/Desktop/TallerDeArquitectura/taller_de_arqui/src/test_fulladder.vhd
# Compile Entity "test_fulladder"
# Compile Architecture "driver" of Entity "test_fulladder"
# Compile success 0 Errors 0 Warnings  Analysis time :  16.0 [ms]
# ELBREAD: Elaboration process.
# ELBREAD: Elaboration time 0.0 [s].
asim -O5 +access +r +m+test_fulladder test_fulladder driver
# ELBREAD: Elaboration process.
# ELBREAD: Elaboration time 0.0 [s].
# VSIM: Stack memory: 32MB
# VSIM: Retval memory: 32MB
# 
# KERNEL: Main thread initiated.
# KERNEL: Kernel process initialization phase.
# ELAB2: Elaboration final pass...
# ELAB2: Create instances ...
# KERNEL: Time resolution set to 1ps.
# ELAB2: Create instances complete.
# SLP: Started
# SLP: Elaboration phase ...
# SLP: Elaboration phase ... skipped, nothing to simulate in SLP mode : 0.0 [s]
# SLP: Finished : 0.0 [s]
# ELAB2: Elaboration final pass complete - time: 0.0 [s].
# KERNEL: Warning: You are using the Active-HDL Student Edition. The performance of simulation is running at a reduced rate.
# KERNEL: Warning: Contact Aldec for available upgrade options - sales@aldec.com.
# KERNEL: Kernel process initialization done.
# Allocation: Simulator allocated 6391 kB (elbread=427 elab2=5829 kernel=134 sdf=0)
# KERNEL: ASDB file was created in location C:\Users\franc\Desktop\TallerDeArquitectura\taller_de_arqui\src\wave.asdb
#  12:54 PM, Monday, October 10, 2022
#  Simulation has been initialized
run 100 ns
# KERNEL: stopped at time: 100 ns
# KERNEL: Simulation has finished. There are no more test vectors to simulate.
# add wave -noreg {/test_fulladder/X}
# add wave -noreg {/test_fulladder/Y}
# add wave -noreg {/test_fulladder/Cin}
# add wave -noreg {/test_fulladder/Cout}
# add wave -noreg {/test_fulladder/Sum}
# VSIM: 5 object(s) traced.
# Waveform file 'untitled.awc' connected to 'C:/Users/franc/Desktop/TallerDeArquitectura/taller_de_arqui/src/wave.asdb'.
run 100 ns
# KERNEL: stopped at time: 200 ns
# KERNEL: Simulation has finished. There are no more test vectors to simulate.
run 100 ns
# KERNEL: stopped at time: 300 ns
# KERNEL: Simulation has finished. There are no more test vectors to simulate.
endsim
# VSIM: Simulation has finished.
asim -O5 +access +r +m+test_fulladder test_fulladder driver
# ELBREAD: Elaboration process.
# ELBREAD: Elaboration time 0.0 [s].
# VSIM: Stack memory: 32MB
# VSIM: Retval memory: 32MB
# 
# KERNEL: Main thread initiated.
# KERNEL: Kernel process initialization phase.
# ELAB2: Elaboration final pass...
# ELAB2: Create instances ...
# KERNEL: Time resolution set to 1ps.
# ELAB2: Create instances complete.
# SLP: Started
# SLP: Elaboration phase ...
# SLP: Elaboration phase ... skipped, nothing to simulate in SLP mode : 0.0 [s]
# SLP: Finished : 0.0 [s]
# ELAB2: Elaboration final pass complete - time: 0.0 [s].
# KERNEL: Warning: You are using the Active-HDL Student Edition. The performance of simulation is running at a reduced rate.
# KERNEL: Warning: Contact Aldec for available upgrade options - sales@aldec.com.
# KERNEL: Kernel process initialization done.
# Allocation: Simulator allocated 6391 kB (elbread=427 elab2=5829 kernel=134 sdf=0)
# KERNEL: ASDB file was created in location C:\Users\franc\Desktop\TallerDeArquitectura\taller_de_arqui\src\wave.asdb
#  12:54 PM, Monday, October 10, 2022
#  Simulation has been initialized
# Waveform file 'untitled.awc' connected to 'C:/Users/franc/Desktop/TallerDeArquitectura/taller_de_arqui/src/wave.asdb'.
run 100 ns
# KERNEL: stopped at time: 100 ns
# KERNEL: Simulation has finished. There are no more test vectors to simulate.
run 100 ns
# KERNEL: stopped at time: 200 ns
# KERNEL: Simulation has finished. There are no more test vectors to simulate.
restart
# ELBREAD: Elaboration process.
# ELBREAD: Elaboration time 0.0 [s].
# 
# KERNEL: Main thread initiated.
# KERNEL: Kernel process initialization phase.
# ELAB2: Elaboration final pass...
# ELAB2: Create instances ...
# KERNEL: Time resolution set to 1ps.
# ELAB2: Create instances complete.
# SLP: Started
# SLP: Elaboration phase ...
# SLP: Elaboration phase ... skipped, nothing to simulate in SLP mode : 0.0 [s]
# SLP: Finished : 0.0 [s]
# ELAB2: Elaboration final pass complete - time: 0.0 [s].
# KERNEL: Warning: You are using the Active-HDL Student Edition. The performance of simulation is running at a reduced rate.
# KERNEL: Warning: Contact Aldec for available upgrade options - sales@aldec.com.
# KERNEL: Kernel process initialization done.
# Allocation: Simulator allocated 6391 kB (elbread=427 elab2=5829 kernel=134 sdf=0)
# KERNEL: ASDB file was created in location C:\Users\franc\Desktop\TallerDeArquitectura\taller_de_arqui\src\wave.asdb
#  12:54 PM, Monday, October 10, 2022
#  Simulation has been initialized
# Waveform file 'untitled.awc' connected to 'C:/Users/franc/Desktop/TallerDeArquitectura/taller_de_arqui/src/wave.asdb'.
restart
# ELBREAD: Elaboration process.
# ELBREAD: Elaboration time 0.0 [s].
# 
# KERNEL: Main thread initiated.
# KERNEL: Kernel process initialization phase.
# ELAB2: Elaboration final pass...
# ELAB2: Create instances ...
# KERNEL: Time resolution set to 1ps.
# ELAB2: Create instances complete.
# SLP: Started
# SLP: Elaboration phase ...
# SLP: Elaboration phase ... skipped, nothing to simulate in SLP mode : 0.0 [s]
# SLP: Finished : 0.0 [s]
# ELAB2: Elaboration final pass complete - time: 0.0 [s].
# KERNEL: Warning: You are using the Active-HDL Student Edition. The performance of simulation is running at a reduced rate.
# KERNEL: Warning: Contact Aldec for available upgrade options - sales@aldec.com.
# KERNEL: Kernel process initialization done.
# Allocation: Simulator allocated 6391 kB (elbread=427 elab2=5829 kernel=134 sdf=0)
# KERNEL: ASDB file was created in location C:\Users\franc\Desktop\TallerDeArquitectura\taller_de_arqui\src\wave.asdb
#  12:54 PM, Monday, October 10, 2022
#  Simulation has been initialized
# Waveform file 'untitled.awc' connected to 'C:/Users/franc/Desktop/TallerDeArquitectura/taller_de_arqui/src/wave.asdb'.
run 100 ns
# KERNEL: stopped at time: 100 ns
# KERNEL: Simulation has finished. There are no more test vectors to simulate.
run 1000 ns
# KERNEL: stopped at time: 1100 ns
# KERNEL: Simulation has finished. There are no more test vectors to simulate.
acom -O3 -e 100 -work taller_de_arqui -2002  $dsn/src/test_fulladder.vhd
# Warning: DAGGEN_0523: The source is compiled without the -dbg switch. Line breakpoints and assertion debug will not be available.
# File: C:/Users/franc/Desktop/TallerDeArquitectura/taller_de_arqui/src/test_fulladder.vhd
# Compile Entity "test_fulladder"
# Compile Architecture "driver" of Entity "test_fulladder"
# Compile success 0 Errors 0 Warnings  Analysis time :  16.0 [ms]
run 1000 ns
# KERNEL: stopped at time: 2100 ns
# KERNEL: Simulation has finished. There are no more test vectors to simulate.
restart
# ELBREAD: Elaboration process.
# ELBREAD: Elaboration time 0.0 [s].
# 
# KERNEL: Main thread initiated.
# KERNEL: Kernel process initialization phase.
# ELAB2: Elaboration final pass...
# ELAB2: Create instances ...
# KERNEL: Time resolution set to 1ps.
# ELAB2: Create instances complete.
# SLP: Started
# SLP: Elaboration phase ...
# SLP: Elaboration phase ... skipped, nothing to simulate in SLP mode : 0.0 [s]
# SLP: Finished : 0.0 [s]
# ELAB2: Elaboration final pass complete - time: 0.0 [s].
# KERNEL: Warning: You are using the Active-HDL Student Edition. The performance of simulation is running at a reduced rate.
# KERNEL: Warning: Contact Aldec for available upgrade options - sales@aldec.com.
# KERNEL: Kernel process initialization done.
# Allocation: Simulator allocated 6391 kB (elbread=427 elab2=5829 kernel=134 sdf=0)
# KERNEL: ASDB file was created in location C:\Users\franc\Desktop\TallerDeArquitectura\taller_de_arqui\src\wave.asdb
#  12:55 PM, Monday, October 10, 2022
#  Simulation has been initialized
# Waveform file 'untitled.awc' connected to 'C:/Users/franc/Desktop/TallerDeArquitectura/taller_de_arqui/src/wave.asdb'.
run 1000 ns
# KERNEL: stopped at time: 1 us
# KERNEL: Simulation has finished. There are no more test vectors to simulate.
run 1000 ns
acom -O3 -e 100 -work taller_de_arqui -2002  $dsn/src/test_fulladder.vhd
# Warning: DAGGEN_0523: The source is compiled without the -dbg switch. Line breakpoints and assertion debug will not be available.
# File: C:/Users/franc/Desktop/TallerDeArquitectura/taller_de_arqui/src/test_fulladder.vhd
# Compile Entity "test_fulladder"
# Compile Architecture "driver" of Entity "test_fulladder"
# Compile success 0 Errors 0 Warnings  Analysis time :  16.0 [ms]
# ELBREAD: Elaboration process.
# ELBREAD: Elaboration time 0.0 [s].
# 
# KERNEL: Main thread initiated.
# KERNEL: Kernel process initialization phase.
# ELAB2: Elaboration final pass...
# ELAB2: Create instances ...
# KERNEL: Time resolution set to 1ps.
# ELAB2: Create instances complete.
# SLP: Started
# SLP: Elaboration phase ...
# SLP: Elaboration phase ... skipped, nothing to simulate in SLP mode : 0.0 [s]
# SLP: Finished : 0.0 [s]
# ELAB2: Elaboration final pass complete - time: 0.0 [s].
# KERNEL: Warning: You are using the Active-HDL Student Edition. The performance of simulation is running at a reduced rate.
# KERNEL: Warning: Contact Aldec for available upgrade options - sales@aldec.com.
# KERNEL: Kernel process initialization done.
# Allocation: Simulator allocated 6391 kB (elbread=427 elab2=5829 kernel=134 sdf=0)
# KERNEL: ASDB file was created in location C:\Users\franc\Desktop\TallerDeArquitectura\taller_de_arqui\src\wave.asdb
#  12:56 PM, Monday, October 10, 2022
#  Simulation has been initialized
# Waveform file 'untitled.awc' connected to 'C:/Users/franc/Desktop/TallerDeArquitectura/taller_de_arqui/src/wave.asdb'.
run 1000 ns
# KERNEL: stopped at time: 1 us
# KERNEL: Simulation has finished. There are no more test vectors to simulate.
run 1000 ns
acom -O3 -e 100 -work taller_de_arqui -2002  $dsn/src/test_fulladder.vhd
# Warning: DAGGEN_0523: The source is compiled without the -dbg switch. Line breakpoints and assertion debug will not be available.
# File: C:/Users/franc/Desktop/TallerDeArquitectura/taller_de_arqui/src/test_fulladder.vhd
# Compile Entity "test_fulladder"
# Compile Architecture "driver" of Entity "test_fulladder"
# Compile success 0 Errors 0 Warnings  Analysis time :  0.0 [ms]
# ELBREAD: Elaboration process.
# ELBREAD: Elaboration time 0.0 [s].
# 
# KERNEL: Main thread initiated.
# KERNEL: Kernel process initialization phase.
# ELAB2: Elaboration final pass...
# ELAB2: Create instances ...
# KERNEL: Time resolution set to 1ps.
# ELAB2: Create instances complete.
# SLP: Started
# SLP: Elaboration phase ...
# SLP: Elaboration phase ... skipped, nothing to simulate in SLP mode : 0.0 [s]
# SLP: Finished : 0.0 [s]
# ELAB2: Elaboration final pass complete - time: 0.0 [s].
# KERNEL: Warning: You are using the Active-HDL Student Edition. The performance of simulation is running at a reduced rate.
# KERNEL: Warning: Contact Aldec for available upgrade options - sales@aldec.com.
# KERNEL: Kernel process initialization done.
# Allocation: Simulator allocated 6391 kB (elbread=427 elab2=5829 kernel=134 sdf=0)
# KERNEL: ASDB file was created in location C:\Users\franc\Desktop\TallerDeArquitectura\taller_de_arqui\src\wave.asdb
#  12:56 PM, Monday, October 10, 2022
#  Simulation has been initialized
# Waveform file 'untitled.awc' connected to 'C:/Users/franc/Desktop/TallerDeArquitectura/taller_de_arqui/src/wave.asdb'.
run 1000 ns
# KERNEL: stopped at time: 1 us
# KERNEL: Simulation has finished. There are no more test vectors to simulate.
run 1000 ns
acom -O3 -e 100 -work taller_de_arqui -2002  $dsn/src/test_fulladder.vhd
# Warning: DAGGEN_0523: The source is compiled without the -dbg switch. Line breakpoints and assertion debug will not be available.
# File: C:/Users/franc/Desktop/TallerDeArquitectura/taller_de_arqui/src/test_fulladder.vhd
# Compile Entity "test_fulladder"
# Compile Architecture "driver" of Entity "test_fulladder"
# Compile success 0 Errors 0 Warnings  Analysis time :  16.0 [ms]
# ELBREAD: Elaboration process.
# ELBREAD: Elaboration time 0.0 [s].
# 
# KERNEL: Main thread initiated.
# KERNEL: Kernel process initialization phase.
# ELAB2: Elaboration final pass...
# ELAB2: Create instances ...
# KERNEL: Time resolution set to 1ps.
# ELAB2: Create instances complete.
# SLP: Started
# SLP: Elaboration phase ...
# SLP: Elaboration phase ... skipped, nothing to simulate in SLP mode : 0.0 [s]
# SLP: Finished : 0.0 [s]
# ELAB2: Elaboration final pass complete - time: 0.0 [s].
# KERNEL: Warning: You are using the Active-HDL Student Edition. The performance of simulation is running at a reduced rate.
# KERNEL: Warning: Contact Aldec for available upgrade options - sales@aldec.com.
# KERNEL: Kernel process initialization done.
# Allocation: Simulator allocated 6391 kB (elbread=427 elab2=5829 kernel=134 sdf=0)
# KERNEL: ASDB file was created in location C:\Users\franc\Desktop\TallerDeArquitectura\taller_de_arqui\src\wave.asdb
#  12:57 PM, Monday, October 10, 2022
#  Simulation has been initialized
# Waveform file 'untitled.awc' connected to 'C:/Users/franc/Desktop/TallerDeArquitectura/taller_de_arqui/src/wave.asdb'.
# add wave -noreg {/test_fulladder/X}
# add wave -noreg {/test_fulladder/Y}
# add wave -noreg {/test_fulladder/Cin}
# add wave -noreg {/test_fulladder/Cout}
# add wave -noreg {/test_fulladder/Sum}
# KERNEL: Warning: KERNEL_0291 Object "/test_fulladder/X" has already been traced.
# KERNEL: Warning: KERNEL_0291 Object "/test_fulladder/Y" has already been traced.
# KERNEL: Warning: KERNEL_0291 Object "/test_fulladder/Cin" has already been traced.
# KERNEL: Warning: KERNEL_0291 Object "/test_fulladder/Cout" has already been traced.
# KERNEL: Warning: KERNEL_0291 Object "/test_fulladder/Sum" has already been traced.
# VSIM: 0 object(s) traced.
# Waveform file 'untitled.awc' connected to 'C:/Users/franc/Desktop/TallerDeArquitectura/taller_de_arqui/src/wave.asdb'.
run 1000 ns
# KERNEL: stopped at time: 1 us
# KERNEL: Simulation has finished. There are no more test vectors to simulate.
run 1000 ns
acom -O3 -e 100 -work taller_de_arqui -2002  $dsn/src/test_fulladder.vhd
# Warning: DAGGEN_0523: The source is compiled without the -dbg switch. Line breakpoints and assertion debug will not be available.
# File: C:/Users/franc/Desktop/TallerDeArquitectura/taller_de_arqui/src/test_fulladder.vhd
# Compile Entity "test_fulladder"
# Compile Architecture "driver" of Entity "test_fulladder"
# Compile success 0 Errors 0 Warnings  Analysis time :  15.0 [ms]
# ELBREAD: Elaboration process.
# ELBREAD: Elaboration time 0.0 [s].
# 
# KERNEL: Main thread initiated.
# KERNEL: Kernel process initialization phase.
# ELAB2: Elaboration final pass...
# ELAB2: Create instances ...
# KERNEL: Time resolution set to 1ps.
# ELAB2: Create instances complete.
# SLP: Started
# SLP: Elaboration phase ...
# SLP: Elaboration phase ... skipped, nothing to simulate in SLP mode : 0.0 [s]
# SLP: Finished : 0.0 [s]
# ELAB2: Elaboration final pass complete - time: 0.0 [s].
# KERNEL: Warning: You are using the Active-HDL Student Edition. The performance of simulation is running at a reduced rate.
# KERNEL: Warning: Contact Aldec for available upgrade options - sales@aldec.com.
# KERNEL: Kernel process initialization done.
# Allocation: Simulator allocated 6391 kB (elbread=427 elab2=5829 kernel=134 sdf=0)
# KERNEL: ASDB file was created in location C:\Users\franc\Desktop\TallerDeArquitectura\taller_de_arqui\src\wave.asdb
#  12:58 PM, Monday, October 10, 2022
#  Simulation has been initialized
# Waveform file 'untitled.awc' connected to 'C:/Users/franc/Desktop/TallerDeArquitectura/taller_de_arqui/src/wave.asdb'.
run 100 ns
# KERNEL: stopped at time: 100 ns
# KERNEL: Simulation has finished. There are no more test vectors to simulate.
run 100 ns
acom -O3 -e 100 -work taller_de_arqui -2002  $dsn/src/test_fulladder.vhd
# Warning: DAGGEN_0523: The source is compiled without the -dbg switch. Line breakpoints and assertion debug will not be available.
# File: C:/Users/franc/Desktop/TallerDeArquitectura/taller_de_arqui/src/test_fulladder.vhd
# Compile Entity "test_fulladder"
# Compile Architecture "driver" of Entity "test_fulladder"
# Compile success 0 Errors 0 Warnings  Analysis time :  16.0 [ms]
# ELBREAD: Elaboration process.
# ELBREAD: Elaboration time 0.0 [s].
# 
# KERNEL: Main thread initiated.
# KERNEL: Kernel process initialization phase.
# ELAB2: Elaboration final pass...
# ELAB2: Create instances ...
# KERNEL: Time resolution set to 1ps.
# ELAB2: Create instances complete.
# SLP: Started
# SLP: Elaboration phase ...
# SLP: Elaboration phase ... skipped, nothing to simulate in SLP mode : 0.0 [s]
# SLP: Finished : 0.0 [s]
# ELAB2: Elaboration final pass complete - time: 0.0 [s].
# KERNEL: Warning: You are using the Active-HDL Student Edition. The performance of simulation is running at a reduced rate.
# KERNEL: Warning: Contact Aldec for available upgrade options - sales@aldec.com.
# KERNEL: Kernel process initialization done.
# Allocation: Simulator allocated 6391 kB (elbread=427 elab2=5829 kernel=134 sdf=0)
# KERNEL: ASDB file was created in location C:\Users\franc\Desktop\TallerDeArquitectura\taller_de_arqui\src\wave.asdb
#  12:58 PM, Monday, October 10, 2022
#  Simulation has been initialized
# Waveform file 'untitled.awc' connected to 'C:/Users/franc/Desktop/TallerDeArquitectura/taller_de_arqui/src/wave.asdb'.
run 100 ns
# KERNEL: stopped at time: 100 ns
# KERNEL: Simulation has finished. There are no more test vectors to simulate.
restart
# ELBREAD: Elaboration process.
# ELBREAD: Elaboration time 0.0 [s].
# 
# KERNEL: Main thread initiated.
# KERNEL: Kernel process initialization phase.
# ELAB2: Elaboration final pass...
# ELAB2: Create instances ...
# KERNEL: Time resolution set to 1ps.
# ELAB2: Create instances complete.
# SLP: Started
# SLP: Elaboration phase ...
# SLP: Elaboration phase ... skipped, nothing to simulate in SLP mode : 0.0 [s]
# SLP: Finished : 0.0 [s]
# ELAB2: Elaboration final pass complete - time: 0.0 [s].
# KERNEL: Warning: You are using the Active-HDL Student Edition. The performance of simulation is running at a reduced rate.
# KERNEL: Warning: Contact Aldec for available upgrade options - sales@aldec.com.
# KERNEL: Kernel process initialization done.
# Allocation: Simulator allocated 6391 kB (elbread=427 elab2=5829 kernel=134 sdf=0)
# KERNEL: ASDB file was created in location C:\Users\franc\Desktop\TallerDeArquitectura\taller_de_arqui\src\wave.asdb
#  12:58 PM, Monday, October 10, 2022
#  Simulation has been initialized
# Waveform file 'untitled.awc' connected to 'C:/Users/franc/Desktop/TallerDeArquitectura/taller_de_arqui/src/wave.asdb'.
run 100 ns
acom -O3 -e 100 -work taller_de_arqui -2002  $dsn/src/test_fulladder.vhd
# Warning: DAGGEN_0523: The source is compiled without the -dbg switch. Line breakpoints and assertion debug will not be available.
# File: C:/Users/franc/Desktop/TallerDeArquitectura/taller_de_arqui/src/test_fulladder.vhd
# Compile Entity "test_fulladder"
# Compile Architecture "driver" of Entity "test_fulladder"
# Compile success 0 Errors 0 Warnings  Analysis time :  15.0 [ms]
# ELBREAD: Elaboration process.
# ELBREAD: Elaboration time 0.0 [s].
# 
# KERNEL: Main thread initiated.
# KERNEL: Kernel process initialization phase.
# ELAB2: Elaboration final pass...
# ELAB2: Create instances ...
# KERNEL: Time resolution set to 1ps.
# ELAB2: Create instances complete.
# SLP: Started
# SLP: Elaboration phase ...
# SLP: Elaboration phase ... skipped, nothing to simulate in SLP mode : 0.0 [s]
# SLP: Finished : 0.0 [s]
# ELAB2: Elaboration final pass complete - time: 0.0 [s].
# KERNEL: Warning: You are using the Active-HDL Student Edition. The performance of simulation is running at a reduced rate.
# KERNEL: Warning: Contact Aldec for available upgrade options - sales@aldec.com.
# KERNEL: Kernel process initialization done.
# Allocation: Simulator allocated 6391 kB (elbread=427 elab2=5829 kernel=134 sdf=0)
# KERNEL: ASDB file was created in location C:\Users\franc\Desktop\TallerDeArquitectura\taller_de_arqui\src\wave.asdb
#  12:58 PM, Monday, October 10, 2022
#  Simulation has been initialized
# Waveform file 'untitled.awc' connected to 'C:/Users/franc/Desktop/TallerDeArquitectura/taller_de_arqui/src/wave.asdb'.
run 100 ns
# KERNEL: stopped at time: 100 ns
# KERNEL: Simulation has finished. There are no more test vectors to simulate.
run 100 ns
# KERNEL: stopped at time: 200 ns
# KERNEL: Simulation has finished. There are no more test vectors to simulate.
restart
# ELBREAD: Elaboration process.
# ELBREAD: Elaboration time 0.0 [s].
# 
# KERNEL: Main thread initiated.
# KERNEL: Kernel process initialization phase.
# ELAB2: Elaboration final pass...
# ELAB2: Create instances ...
# KERNEL: Time resolution set to 1ps.
# ELAB2: Create instances complete.
# SLP: Started
# SLP: Elaboration phase ...
# SLP: Elaboration phase ... skipped, nothing to simulate in SLP mode : 0.0 [s]
# SLP: Finished : 0.0 [s]
# ELAB2: Elaboration final pass complete - time: 0.0 [s].
# KERNEL: Warning: You are using the Active-HDL Student Edition. The performance of simulation is running at a reduced rate.
# KERNEL: Warning: Contact Aldec for available upgrade options - sales@aldec.com.
# KERNEL: Kernel process initialization done.
# Allocation: Simulator allocated 6391 kB (elbread=427 elab2=5829 kernel=134 sdf=0)
# KERNEL: ASDB file was created in location C:\Users\franc\Desktop\TallerDeArquitectura\taller_de_arqui\src\wave.asdb
#  12:58 PM, Monday, October 10, 2022
#  Simulation has been initialized
# Waveform file 'untitled.awc' connected to 'C:/Users/franc/Desktop/TallerDeArquitectura/taller_de_arqui/src/wave.asdb'.
restart
# ELBREAD: Elaboration process.
# ELBREAD: Elaboration time 0.0 [s].
# 
# KERNEL: Main thread initiated.
# KERNEL: Kernel process initialization phase.
# ELAB2: Elaboration final pass...
# ELAB2: Create instances ...
# KERNEL: Time resolution set to 1ps.
# ELAB2: Create instances complete.
# SLP: Started
# SLP: Elaboration phase ...
# SLP: Elaboration phase ... skipped, nothing to simulate in SLP mode : 0.0 [s]
# SLP: Finished : 0.0 [s]
# ELAB2: Elaboration final pass complete - time: 0.0 [s].
# KERNEL: Warning: You are using the Active-HDL Student Edition. The performance of simulation is running at a reduced rate.
# KERNEL: Warning: Contact Aldec for available upgrade options - sales@aldec.com.
# KERNEL: Kernel process initialization done.
# Allocation: Simulator allocated 6391 kB (elbread=427 elab2=5829 kernel=134 sdf=0)
# KERNEL: ASDB file was created in location C:\Users\franc\Desktop\TallerDeArquitectura\taller_de_arqui\src\wave.asdb
#  12:58 PM, Monday, October 10, 2022
#  Simulation has been initialized
# Waveform file 'untitled.awc' connected to 'C:/Users/franc/Desktop/TallerDeArquitectura/taller_de_arqui/src/wave.asdb'.
restart
# ELBREAD: Elaboration process.
# ELBREAD: Elaboration time 0.0 [s].
# 
# KERNEL: Main thread initiated.
# KERNEL: Kernel process initialization phase.
# ELAB2: Elaboration final pass...
# ELAB2: Create instances ...
# KERNEL: Time resolution set to 1ps.
# ELAB2: Create instances complete.
# SLP: Started
# SLP: Elaboration phase ...
# SLP: Elaboration phase ... skipped, nothing to simulate in SLP mode : 0.0 [s]
# SLP: Finished : 0.0 [s]
# ELAB2: Elaboration final pass complete - time: 0.0 [s].
# KERNEL: Warning: You are using the Active-HDL Student Edition. The performance of simulation is running at a reduced rate.
# KERNEL: Warning: Contact Aldec for available upgrade options - sales@aldec.com.
# KERNEL: Kernel process initialization done.
# Allocation: Simulator allocated 6391 kB (elbread=427 elab2=5829 kernel=134 sdf=0)
# KERNEL: ASDB file was created in location C:\Users\franc\Desktop\TallerDeArquitectura\taller_de_arqui\src\wave.asdb
#  12:58 PM, Monday, October 10, 2022
#  Simulation has been initialized
# Waveform file 'untitled.awc' connected to 'C:/Users/franc/Desktop/TallerDeArquitectura/taller_de_arqui/src/wave.asdb'.
run 100 ns
acom -O3 -e 100 -work taller_de_arqui -2002  $dsn/src/test_fulladder.vhd
# Warning: DAGGEN_0523: The source is compiled without the -dbg switch. Line breakpoints and assertion debug will not be available.
# File: C:/Users/franc/Desktop/TallerDeArquitectura/taller_de_arqui/src/test_fulladder.vhd
# Compile Entity "test_fulladder"
# Compile Architecture "driver" of Entity "test_fulladder"
# Compile success 0 Errors 0 Warnings  Analysis time :  0.0 [ms]
# ELBREAD: Elaboration process.
# ELBREAD: Elaboration time 0.0 [s].
# 
# KERNEL: Main thread initiated.
# KERNEL: Kernel process initialization phase.
# ELAB2: Elaboration final pass...
# ELAB2: Create instances ...
# KERNEL: Time resolution set to 1ps.
# ELAB2: Create instances complete.
# SLP: Started
# SLP: Elaboration phase ...
# SLP: Elaboration phase ... skipped, nothing to simulate in SLP mode : 0.0 [s]
# SLP: Finished : 0.0 [s]
# ELAB2: Elaboration final pass complete - time: 0.0 [s].
# KERNEL: Warning: You are using the Active-HDL Student Edition. The performance of simulation is running at a reduced rate.
# KERNEL: Warning: Contact Aldec for available upgrade options - sales@aldec.com.
# KERNEL: Kernel process initialization done.
# Allocation: Simulator allocated 6391 kB (elbread=427 elab2=5829 kernel=134 sdf=0)
# KERNEL: ASDB file was created in location C:\Users\franc\Desktop\TallerDeArquitectura\taller_de_arqui\src\wave.asdb
#  12:59 PM, Monday, October 10, 2022
#  Simulation has been initialized
# Waveform file 'untitled.awc' connected to 'C:/Users/franc/Desktop/TallerDeArquitectura/taller_de_arqui/src/wave.asdb'.
run 100 ns
# KERNEL: stopped at time: 100 ns
# KERNEL: Simulation has finished. There are no more test vectors to simulate.
run 100 ns
acom -O3 -e 100 -work taller_de_arqui -2002  $dsn/src/test_fulladder.vhd
# Warning: DAGGEN_0523: The source is compiled without the -dbg switch. Line breakpoints and assertion debug will not be available.
# File: C:/Users/franc/Desktop/TallerDeArquitectura/taller_de_arqui/src/test_fulladder.vhd
# Compile Entity "test_fulladder"
# Compile Architecture "driver" of Entity "test_fulladder"
# Compile success 0 Errors 0 Warnings  Analysis time :  16.0 [ms]
# ELBREAD: Elaboration process.
# ELBREAD: Elaboration time 0.0 [s].
# 
# KERNEL: Main thread initiated.
# KERNEL: Kernel process initialization phase.
# ELAB2: Elaboration final pass...
# ELAB2: Create instances ...
# KERNEL: Time resolution set to 1ps.
# ELAB2: Create instances complete.
# SLP: Started
# SLP: Elaboration phase ...
# SLP: Elaboration phase ... skipped, nothing to simulate in SLP mode : 0.0 [s]
# SLP: Finished : 0.0 [s]
# ELAB2: Elaboration final pass complete - time: 0.0 [s].
# KERNEL: Warning: You are using the Active-HDL Student Edition. The performance of simulation is running at a reduced rate.
# KERNEL: Warning: Contact Aldec for available upgrade options - sales@aldec.com.
# KERNEL: Kernel process initialization done.
# Allocation: Simulator allocated 6391 kB (elbread=427 elab2=5829 kernel=134 sdf=0)
# KERNEL: ASDB file was created in location C:\Users\franc\Desktop\TallerDeArquitectura\taller_de_arqui\src\wave.asdb
#  1:00 PM, Monday, October 10, 2022
#  Simulation has been initialized
# Waveform file 'untitled.awc' connected to 'C:/Users/franc/Desktop/TallerDeArquitectura/taller_de_arqui/src/wave.asdb'.
run 100 ns
# KERNEL: stopped at time: 100 ns
# KERNEL: Simulation has finished. There are no more test vectors to simulate.
run 100 ns
acom -O3 -e 100 -work taller_de_arqui -2002  $dsn/src/test_fulladder.vhd
# Warning: DAGGEN_0523: The source is compiled without the -dbg switch. Line breakpoints and assertion debug will not be available.
# File: C:/Users/franc/Desktop/TallerDeArquitectura/taller_de_arqui/src/test_fulladder.vhd
# Compile Entity "test_fulladder"
# Compile Architecture "driver" of Entity "test_fulladder"
# Compile success 0 Errors 0 Warnings  Analysis time :  15.0 [ms]
# ELBREAD: Elaboration process.
# ELBREAD: Elaboration time 0.0 [s].
# 
# KERNEL: Main thread initiated.
# KERNEL: Kernel process initialization phase.
# ELAB2: Elaboration final pass...
# ELAB2: Create instances ...
# KERNEL: Time resolution set to 1ps.
# ELAB2: Create instances complete.
# SLP: Started
# SLP: Elaboration phase ...
# SLP: Elaboration phase ... skipped, nothing to simulate in SLP mode : 0.0 [s]
# SLP: Finished : 0.0 [s]
# ELAB2: Elaboration final pass complete - time: 0.0 [s].
# KERNEL: Warning: You are using the Active-HDL Student Edition. The performance of simulation is running at a reduced rate.
# KERNEL: Warning: Contact Aldec for available upgrade options - sales@aldec.com.
# KERNEL: Kernel process initialization done.
# Allocation: Simulator allocated 6391 kB (elbread=427 elab2=5829 kernel=134 sdf=0)
# KERNEL: ASDB file was created in location C:\Users\franc\Desktop\TallerDeArquitectura\taller_de_arqui\src\wave.asdb
#  1:00 PM, Monday, October 10, 2022
#  Simulation has been initialized
# Waveform file 'untitled.awc' connected to 'C:/Users/franc/Desktop/TallerDeArquitectura/taller_de_arqui/src/wave.asdb'.
run 100 ns
# KERNEL: stopped at time: 100 ns
# KERNEL: Simulation has finished. There are no more test vectors to simulate.
run 100 ns
acom -O3 -e 100 -work taller_de_arqui -2002  $dsn/src/test_fulladder.vhd
# Warning: DAGGEN_0523: The source is compiled without the -dbg switch. Line breakpoints and assertion debug will not be available.
# File: C:/Users/franc/Desktop/TallerDeArquitectura/taller_de_arqui/src/test_fulladder.vhd
# Compile Entity "test_fulladder"
# Compile Architecture "driver" of Entity "test_fulladder"
# Compile success 0 Errors 0 Warnings  Analysis time :  16.0 [ms]
# ELBREAD: Elaboration process.
# ELBREAD: Elaboration time 0.0 [s].
# 
# KERNEL: Main thread initiated.
# KERNEL: Kernel process initialization phase.
# ELAB2: Elaboration final pass...
# ELAB2: Create instances ...
# KERNEL: Time resolution set to 1ps.
# ELAB2: Create instances complete.
# SLP: Started
# SLP: Elaboration phase ...
# SLP: Elaboration phase ... skipped, nothing to simulate in SLP mode : 0.0 [s]
# SLP: Finished : 0.0 [s]
# ELAB2: Elaboration final pass complete - time: 0.0 [s].
# KERNEL: Warning: You are using the Active-HDL Student Edition. The performance of simulation is running at a reduced rate.
# KERNEL: Warning: Contact Aldec for available upgrade options - sales@aldec.com.
# KERNEL: Kernel process initialization done.
# Allocation: Simulator allocated 6391 kB (elbread=427 elab2=5829 kernel=134 sdf=0)
# KERNEL: ASDB file was created in location C:\Users\franc\Desktop\TallerDeArquitectura\taller_de_arqui\src\wave.asdb
#  1:00 PM, Monday, October 10, 2022
#  Simulation has been initialized
# Waveform file 'untitled.awc' connected to 'C:/Users/franc/Desktop/TallerDeArquitectura/taller_de_arqui/src/wave.asdb'.
run 100 ns
# KERNEL: stopped at time: 100 ns
# KERNEL: Simulation has finished. There are no more test vectors to simulate.
run 100 ns
acom -O3 -e 100 -work taller_de_arqui -2002  $dsn/src/test_fulladder.vhd
# Warning: DAGGEN_0523: The source is compiled without the -dbg switch. Line breakpoints and assertion debug will not be available.
# File: C:/Users/franc/Desktop/TallerDeArquitectura/taller_de_arqui/src/test_fulladder.vhd
# Compile Entity "test_fulladder"
# Compile Architecture "driver" of Entity "test_fulladder"
# Compile success 0 Errors 0 Warnings  Analysis time :  16.0 [ms]
# ELBREAD: Elaboration process.
# ELBREAD: Elaboration time 0.0 [s].
# 
# KERNEL: Main thread initiated.
# KERNEL: Kernel process initialization phase.
# ELAB2: Elaboration final pass...
# ELAB2: Create instances ...
# KERNEL: Time resolution set to 1ps.
# ELAB2: Create instances complete.
# SLP: Started
# SLP: Elaboration phase ...
# SLP: Elaboration phase ... skipped, nothing to simulate in SLP mode : 0.0 [s]
# SLP: Finished : 0.0 [s]
# ELAB2: Elaboration final pass complete - time: 0.0 [s].
# KERNEL: Warning: You are using the Active-HDL Student Edition. The performance of simulation is running at a reduced rate.
# KERNEL: Warning: Contact Aldec for available upgrade options - sales@aldec.com.
# KERNEL: Kernel process initialization done.
# Allocation: Simulator allocated 6391 kB (elbread=427 elab2=5829 kernel=134 sdf=0)
# KERNEL: ASDB file was created in location C:\Users\franc\Desktop\TallerDeArquitectura\taller_de_arqui\src\wave.asdb
#  1:01 PM, Monday, October 10, 2022
#  Simulation has been initialized
# Waveform file 'untitled.awc' connected to 'C:/Users/franc/Desktop/TallerDeArquitectura/taller_de_arqui/src/wave.asdb'.
run 100 ns
# KERNEL: stopped at time: 100 ns
# KERNEL: Simulation has finished. There are no more test vectors to simulate.
run 100 ns
acom -O3 -e 100 -work taller_de_arqui -2002  $dsn/src/test_fulladder.vhd
# Warning: DAGGEN_0523: The source is compiled without the -dbg switch. Line breakpoints and assertion debug will not be available.
# File: C:/Users/franc/Desktop/TallerDeArquitectura/taller_de_arqui/src/test_fulladder.vhd
# Compile Entity "test_fulladder"
# Compile Architecture "driver" of Entity "test_fulladder"
# Compile success 0 Errors 0 Warnings  Analysis time :  15.0 [ms]
# ELBREAD: Elaboration process.
# ELBREAD: Elaboration time 0.0 [s].
# 
# KERNEL: Main thread initiated.
# KERNEL: Kernel process initialization phase.
# ELAB2: Elaboration final pass...
# ELAB2: Create instances ...
# KERNEL: Time resolution set to 1ps.
# ELAB2: Create instances complete.
# SLP: Started
# SLP: Elaboration phase ...
# SLP: Elaboration phase ... skipped, nothing to simulate in SLP mode : 0.0 [s]
# SLP: Finished : 0.0 [s]
# ELAB2: Elaboration final pass complete - time: 0.0 [s].
# KERNEL: Warning: You are using the Active-HDL Student Edition. The performance of simulation is running at a reduced rate.
# KERNEL: Warning: Contact Aldec for available upgrade options - sales@aldec.com.
# KERNEL: Kernel process initialization done.
# Allocation: Simulator allocated 6391 kB (elbread=427 elab2=5829 kernel=134 sdf=0)
# KERNEL: ASDB file was created in location C:\Users\franc\Desktop\TallerDeArquitectura\taller_de_arqui\src\wave.asdb
#  1:01 PM, Monday, October 10, 2022
#  Simulation has been initialized
# Waveform file 'untitled.awc' connected to 'C:/Users/franc/Desktop/TallerDeArquitectura/taller_de_arqui/src/wave.asdb'.
run 100 ns
# KERNEL: stopped at time: 100 ns
# KERNEL: Simulation has finished. There are no more test vectors to simulate.
run 100 ns
acom -O3 -e 100 -work taller_de_arqui -2002  $dsn/src/test_fulladder.vhd
# Warning: DAGGEN_0523: The source is compiled without the -dbg switch. Line breakpoints and assertion debug will not be available.
# File: C:/Users/franc/Desktop/TallerDeArquitectura/taller_de_arqui/src/test_fulladder.vhd
# Compile Entity "test_fulladder"
# Compile Architecture "driver" of Entity "test_fulladder"
# Compile success 0 Errors 0 Warnings  Analysis time :  16.0 [ms]
# ELBREAD: Elaboration process.
# ELBREAD: Elaboration time 0.0 [s].
# 
# KERNEL: Main thread initiated.
# KERNEL: Kernel process initialization phase.
# ELAB2: Elaboration final pass...
# ELAB2: Create instances ...
# KERNEL: Time resolution set to 1ps.
# ELAB2: Create instances complete.
# SLP: Started
# SLP: Elaboration phase ...
# SLP: Elaboration phase ... skipped, nothing to simulate in SLP mode : 0.0 [s]
# SLP: Finished : 0.0 [s]
# ELAB2: Elaboration final pass complete - time: 0.0 [s].
# KERNEL: Warning: You are using the Active-HDL Student Edition. The performance of simulation is running at a reduced rate.
# KERNEL: Warning: Contact Aldec for available upgrade options - sales@aldec.com.
# KERNEL: Kernel process initialization done.
# Allocation: Simulator allocated 6391 kB (elbread=427 elab2=5829 kernel=134 sdf=0)
# KERNEL: ASDB file was created in location C:\Users\franc\Desktop\TallerDeArquitectura\taller_de_arqui\src\wave.asdb
#  1:02 PM, Monday, October 10, 2022
#  Simulation has been initialized
# Waveform file 'untitled.awc' connected to 'C:/Users/franc/Desktop/TallerDeArquitectura/taller_de_arqui/src/wave.asdb'.
run 100 ns
# KERNEL: stopped at time: 100 ns
# KERNEL: Simulation has finished. There are no more test vectors to simulate.
run 100 ns
acom -O3 -e 100 -work taller_de_arqui -2002  $dsn/src/test_fulladder.vhd
# Warning: DAGGEN_0523: The source is compiled without the -dbg switch. Line breakpoints and assertion debug will not be available.
# File: C:/Users/franc/Desktop/TallerDeArquitectura/taller_de_arqui/src/test_fulladder.vhd
# Compile Entity "test_fulladder"
# Compile Architecture "driver" of Entity "test_fulladder"
# Compile success 0 Errors 0 Warnings  Analysis time :  15.0 [ms]
# ELBREAD: Elaboration process.
# ELBREAD: Elaboration time 0.0 [s].
# 
# KERNEL: Main thread initiated.
# KERNEL: Kernel process initialization phase.
# ELAB2: Elaboration final pass...
# ELAB2: Create instances ...
# KERNEL: Time resolution set to 1ps.
# ELAB2: Create instances complete.
# SLP: Started
# SLP: Elaboration phase ...
# SLP: Elaboration phase ... skipped, nothing to simulate in SLP mode : 0.0 [s]
# SLP: Finished : 0.0 [s]
# ELAB2: Elaboration final pass complete - time: 0.0 [s].
# KERNEL: Warning: You are using the Active-HDL Student Edition. The performance of simulation is running at a reduced rate.
# KERNEL: Warning: Contact Aldec for available upgrade options - sales@aldec.com.
# KERNEL: Kernel process initialization done.
# Allocation: Simulator allocated 6391 kB (elbread=427 elab2=5829 kernel=134 sdf=0)
# KERNEL: ASDB file was created in location C:\Users\franc\Desktop\TallerDeArquitectura\taller_de_arqui\src\wave.asdb
#  1:02 PM, Monday, October 10, 2022
#  Simulation has been initialized
# Waveform file 'untitled.awc' connected to 'C:/Users/franc/Desktop/TallerDeArquitectura/taller_de_arqui/src/wave.asdb'.
run 100 ns
# KERNEL: stopped at time: 100 ns
# KERNEL: Simulation has finished. There are no more test vectors to simulate.
run 20 ns
acom -O3 -e 100 -work taller_de_arqui -2002  $dsn/src/test_fulladder.vhd
# Warning: DAGGEN_0523: The source is compiled without the -dbg switch. Line breakpoints and assertion debug will not be available.
# File: C:/Users/franc/Desktop/TallerDeArquitectura/taller_de_arqui/src/test_fulladder.vhd
# Compile Entity "test_fulladder"
# Compile Architecture "driver" of Entity "test_fulladder"
# Compile success 0 Errors 0 Warnings  Analysis time :  31.0 [ms]
# ELBREAD: Elaboration process.
# ELBREAD: Elaboration time 0.0 [s].
# 
# KERNEL: Main thread initiated.
# KERNEL: Kernel process initialization phase.
# ELAB2: Elaboration final pass...
# ELAB2: Create instances ...
# KERNEL: Time resolution set to 1ps.
# ELAB2: Create instances complete.
# SLP: Started
# SLP: Elaboration phase ...
# SLP: Elaboration phase ... skipped, nothing to simulate in SLP mode : 0.0 [s]
# SLP: Finished : 0.0 [s]
# ELAB2: Elaboration final pass complete - time: 0.0 [s].
# KERNEL: Warning: You are using the Active-HDL Student Edition. The performance of simulation is running at a reduced rate.
# KERNEL: Warning: Contact Aldec for available upgrade options - sales@aldec.com.
# KERNEL: Kernel process initialization done.
# Allocation: Simulator allocated 6391 kB (elbread=427 elab2=5829 kernel=134 sdf=0)
# KERNEL: ASDB file was created in location C:\Users\franc\Desktop\TallerDeArquitectura\taller_de_arqui\src\wave.asdb
#  1:03 PM, Monday, October 10, 2022
#  Simulation has been initialized
# Waveform file 'untitled.awc' connected to 'C:/Users/franc/Desktop/TallerDeArquitectura/taller_de_arqui/src/wave.asdb'.
run 20 ns
# KERNEL: stopped at time: 20 ns
# KERNEL: Simulation has finished. There are no more test vectors to simulate.
run 20 ns
acom -O3 -e 100 -work taller_de_arqui -2002  $dsn/src/test_fulladder.vhd
# Warning: DAGGEN_0523: The source is compiled without the -dbg switch. Line breakpoints and assertion debug will not be available.
# File: C:/Users/franc/Desktop/TallerDeArquitectura/taller_de_arqui/src/test_fulladder.vhd
# Compile Entity "test_fulladder"
# Compile Architecture "driver" of Entity "test_fulladder"
# Compile success 0 Errors 0 Warnings  Analysis time :  16.0 [ms]
# ELBREAD: Elaboration process.
# ELBREAD: Elaboration time 0.0 [s].
# 
# KERNEL: Main thread initiated.
# KERNEL: Kernel process initialization phase.
# ELAB2: Elaboration final pass...
# ELAB2: Create instances ...
# KERNEL: Time resolution set to 1ps.
# ELAB2: Create instances complete.
# SLP: Started
# SLP: Elaboration phase ...
# SLP: Elaboration phase ... skipped, nothing to simulate in SLP mode : 0.0 [s]
# SLP: Finished : 0.0 [s]
# ELAB2: Elaboration final pass complete - time: 0.0 [s].
# KERNEL: Warning: You are using the Active-HDL Student Edition. The performance of simulation is running at a reduced rate.
# KERNEL: Warning: Contact Aldec for available upgrade options - sales@aldec.com.
# KERNEL: Kernel process initialization done.
# Allocation: Simulator allocated 6391 kB (elbread=427 elab2=5829 kernel=134 sdf=0)
# KERNEL: ASDB file was created in location C:\Users\franc\Desktop\TallerDeArquitectura\taller_de_arqui\src\wave.asdb
#  1:03 PM, Monday, October 10, 2022
#  Simulation has been initialized
# Waveform file 'untitled.awc' connected to 'C:/Users/franc/Desktop/TallerDeArquitectura/taller_de_arqui/src/wave.asdb'.
run 20 ns
# KERNEL: stopped at time: 20 ns
# KERNEL: Simulation has finished. There are no more test vectors to simulate.
run 20 ns
acom -O3 -e 100 -work taller_de_arqui -2002  $dsn/src/test_fulladder.vhd
# Warning: DAGGEN_0523: The source is compiled without the -dbg switch. Line breakpoints and assertion debug will not be available.
# File: C:/Users/franc/Desktop/TallerDeArquitectura/taller_de_arqui/src/test_fulladder.vhd
# Compile Entity "test_fulladder"
# Compile Architecture "driver" of Entity "test_fulladder"
# Compile success 0 Errors 0 Warnings  Analysis time :  16.0 [ms]
# ELBREAD: Elaboration process.
# ELBREAD: Elaboration time 0.0 [s].
# 
# KERNEL: Main thread initiated.
# KERNEL: Kernel process initialization phase.
# ELAB2: Elaboration final pass...
# ELAB2: Create instances ...
# KERNEL: Time resolution set to 1ps.
# ELAB2: Create instances complete.
# SLP: Started
# SLP: Elaboration phase ...
# SLP: Elaboration phase ... skipped, nothing to simulate in SLP mode : 0.0 [s]
# SLP: Finished : 0.0 [s]
# ELAB2: Elaboration final pass complete - time: 0.0 [s].
# KERNEL: Warning: You are using the Active-HDL Student Edition. The performance of simulation is running at a reduced rate.
# KERNEL: Warning: Contact Aldec for available upgrade options - sales@aldec.com.
# KERNEL: Kernel process initialization done.
# Allocation: Simulator allocated 6391 kB (elbread=427 elab2=5829 kernel=134 sdf=0)
# KERNEL: ASDB file was created in location C:\Users\franc\Desktop\TallerDeArquitectura\taller_de_arqui\src\wave.asdb
#  1:03 PM, Monday, October 10, 2022
#  Simulation has been initialized
# Waveform file 'untitled.awc' connected to 'C:/Users/franc/Desktop/TallerDeArquitectura/taller_de_arqui/src/wave.asdb'.
run 20 ns
# KERNEL: stopped at time: 20 ns
# KERNEL: Simulation has finished. There are no more test vectors to simulate.
run 20 ns
acom -O3 -e 100 -work taller_de_arqui -2002  $dsn/src/test_fulladder.vhd
# Warning: DAGGEN_0523: The source is compiled without the -dbg switch. Line breakpoints and assertion debug will not be available.
# File: C:/Users/franc/Desktop/TallerDeArquitectura/taller_de_arqui/src/test_fulladder.vhd
# Compile Entity "test_fulladder"
# Compile Architecture "driver" of Entity "test_fulladder"
# Compile success 0 Errors 0 Warnings  Analysis time :  16.0 [ms]
# ELBREAD: Elaboration process.
# ELBREAD: Elaboration time 0.0 [s].
# 
# KERNEL: Main thread initiated.
# KERNEL: Kernel process initialization phase.
# ELAB2: Elaboration final pass...
# ELAB2: Create instances ...
# KERNEL: Time resolution set to 1ps.
# ELAB2: Create instances complete.
# SLP: Started
# SLP: Elaboration phase ...
# SLP: Elaboration phase ... skipped, nothing to simulate in SLP mode : 0.0 [s]
# SLP: Finished : 0.0 [s]
# ELAB2: Elaboration final pass complete - time: 0.0 [s].
# KERNEL: Warning: You are using the Active-HDL Student Edition. The performance of simulation is running at a reduced rate.
# KERNEL: Warning: Contact Aldec for available upgrade options - sales@aldec.com.
# KERNEL: Kernel process initialization done.
# Allocation: Simulator allocated 6391 kB (elbread=427 elab2=5829 kernel=134 sdf=0)
# KERNEL: ASDB file was created in location C:\Users\franc\Desktop\TallerDeArquitectura\taller_de_arqui\src\wave.asdb
#  1:03 PM, Monday, October 10, 2022
#  Simulation has been initialized
# Waveform file 'untitled.awc' connected to 'C:/Users/franc/Desktop/TallerDeArquitectura/taller_de_arqui/src/wave.asdb'.
run 20 ns
# KERNEL: stopped at time: 20 ns
# KERNEL: Simulation has finished. There are no more test vectors to simulate.
run 20 ns
acom -O3 -e 100 -work taller_de_arqui -2002  $dsn/src/test_fulladder.vhd
# Warning: DAGGEN_0523: The source is compiled without the -dbg switch. Line breakpoints and assertion debug will not be available.
# File: C:/Users/franc/Desktop/TallerDeArquitectura/taller_de_arqui/src/test_fulladder.vhd
# Compile Entity "test_fulladder"
# Compile Architecture "driver" of Entity "test_fulladder"
# Compile success 0 Errors 0 Warnings  Analysis time :  15.0 [ms]
# ELBREAD: Elaboration process.
# ELBREAD: Elaboration time 0.0 [s].
# 
# KERNEL: Main thread initiated.
# KERNEL: Kernel process initialization phase.
# ELAB2: Elaboration final pass...
# ELAB2: Create instances ...
# KERNEL: Time resolution set to 1ps.
# ELAB2: Create instances complete.
# SLP: Started
# SLP: Elaboration phase ...
# SLP: Elaboration phase ... skipped, nothing to simulate in SLP mode : 0.0 [s]
# SLP: Finished : 0.0 [s]
# ELAB2: Elaboration final pass complete - time: 0.0 [s].
# KERNEL: Warning: You are using the Active-HDL Student Edition. The performance of simulation is running at a reduced rate.
# KERNEL: Warning: Contact Aldec for available upgrade options - sales@aldec.com.
# KERNEL: Kernel process initialization done.
# Allocation: Simulator allocated 6390 kB (elbread=427 elab2=5829 kernel=134 sdf=0)
# KERNEL: ASDB file was created in location C:\Users\franc\Desktop\TallerDeArquitectura\taller_de_arqui\src\wave.asdb
#  1:04 PM, Monday, October 10, 2022
#  Simulation has been initialized
# Waveform file 'untitled.awc' connected to 'C:/Users/franc/Desktop/TallerDeArquitectura/taller_de_arqui/src/wave.asdb'.
run 20 ns
# EXECUTION:: ERROR  : Assertion violation.
# EXECUTION:: Time: 0 ps,  Iteration: 0,  Instance: /test_fulladder,  Process: estimulo.
# EXECUTION:: ERROR  : Assertion violation.
# EXECUTION:: Time: 0 ps,  Iteration: 0,  Instance: /test_fulladder,  Process: estimulo.
# EXECUTION:: ERROR  : Assertion violation.
# EXECUTION:: Time: 0 ps,  Iteration: 0,  Instance: /test_fulladder,  Process: estimulo.
# EXECUTION:: ERROR  : Assertion violation.
# EXECUTION:: Time: 0 ps,  Iteration: 0,  Instance: /test_fulladder,  Process: estimulo.
# EXECUTION:: ERROR  : Assertion violation.
# EXECUTION:: Time: 0 ps,  Iteration: 0,  Instance: /test_fulladder,  Process: estimulo.
# EXECUTION:: ERROR  : Assertion violation.
# EXECUTION:: Time: 0 ps,  Iteration: 0,  Instance: /test_fulladder,  Process: estimulo.
# EXECUTION:: ERROR  : Assertion violation.
# EXECUTION:: Time: 0 ps,  Iteration: 0,  Instance: /test_fulladder,  Process: estimulo.
# KERNEL: stopped at time: 20 ns
# KERNEL: Simulation has finished. There are no more test vectors to simulate.
run 20 ns
acom -O3 -e 100 -work taller_de_arqui -2002  $dsn/src/test_fulladder.vhd
# Warning: DAGGEN_0523: The source is compiled without the -dbg switch. Line breakpoints and assertion debug will not be available.
# File: C:/Users/franc/Desktop/TallerDeArquitectura/taller_de_arqui/src/test_fulladder.vhd
# Compile Entity "test_fulladder"
# Compile Architecture "driver" of Entity "test_fulladder"
# Compile success 0 Errors 0 Warnings  Analysis time :  15.0 [ms]
# ELBREAD: Elaboration process.
# ELBREAD: Elaboration time 0.0 [s].
# 
# KERNEL: Main thread initiated.
# KERNEL: Kernel process initialization phase.
# ELAB2: Elaboration final pass...
# ELAB2: Create instances ...
# KERNEL: Time resolution set to 1ps.
# ELAB2: Create instances complete.
# SLP: Started
# SLP: Elaboration phase ...
# SLP: Elaboration phase ... skipped, nothing to simulate in SLP mode : 0.0 [s]
# SLP: Finished : 0.0 [s]
# ELAB2: Elaboration final pass complete - time: 0.0 [s].
# KERNEL: Warning: You are using the Active-HDL Student Edition. The performance of simulation is running at a reduced rate.
# KERNEL: Warning: Contact Aldec for available upgrade options - sales@aldec.com.
# KERNEL: Kernel process initialization done.
# Allocation: Simulator allocated 6391 kB (elbread=427 elab2=5829 kernel=134 sdf=0)
# KERNEL: ASDB file was created in location C:\Users\franc\Desktop\TallerDeArquitectura\taller_de_arqui\src\wave.asdb
#  1:04 PM, Monday, October 10, 2022
#  Simulation has been initialized
# Waveform file 'untitled.awc' connected to 'C:/Users/franc/Desktop/TallerDeArquitectura/taller_de_arqui/src/wave.asdb'.
run 20 ns
# EXECUTION:: ERROR  : Assertion violation.
# EXECUTION:: Time: 0 ps,  Iteration: 2,  Instance: /test_fulladder,  Process: estimulo.
# EXECUTION:: ERROR  : Assertion violation.
# EXECUTION:: Time: 0 ps,  Iteration: 4,  Instance: /test_fulladder,  Process: estimulo.
# EXECUTION:: ERROR  : Assertion violation.
# EXECUTION:: Time: 0 ps,  Iteration: 5,  Instance: /test_fulladder,  Process: estimulo.
# EXECUTION:: ERROR  : Assertion violation.
# EXECUTION:: Time: 0 ps,  Iteration: 6,  Instance: /test_fulladder,  Process: estimulo.
# EXECUTION:: ERROR  : Assertion violation.
# EXECUTION:: Time: 0 ps,  Iteration: 8,  Instance: /test_fulladder,  Process: estimulo.
# KERNEL: stopped at time: 20 ns
# KERNEL: Simulation has finished. There are no more test vectors to simulate.
run 20 ns
acom -O3 -e 100 -work taller_de_arqui -2002  $dsn/src/test_fulladder.vhd
# Warning: DAGGEN_0523: The source is compiled without the -dbg switch. Line breakpoints and assertion debug will not be available.
# File: C:/Users/franc/Desktop/TallerDeArquitectura/taller_de_arqui/src/test_fulladder.vhd
# Compile Entity "test_fulladder"
# Compile Architecture "driver" of Entity "test_fulladder"
# Compile success 0 Errors 0 Warnings  Analysis time :  15.0 [ms]
# ELBREAD: Elaboration process.
# ELBREAD: Elaboration time 0.0 [s].
# 
# KERNEL: Main thread initiated.
# KERNEL: Kernel process initialization phase.
# ELAB2: Elaboration final pass...
# ELAB2: Create instances ...
# KERNEL: Time resolution set to 1ps.
# ELAB2: Create instances complete.
# SLP: Started
# SLP: Elaboration phase ...
# SLP: Elaboration phase ... skipped, nothing to simulate in SLP mode : 0.0 [s]
# SLP: Finished : 0.0 [s]
# ELAB2: Elaboration final pass complete - time: 0.0 [s].
# KERNEL: Warning: You are using the Active-HDL Student Edition. The performance of simulation is running at a reduced rate.
# KERNEL: Warning: Contact Aldec for available upgrade options - sales@aldec.com.
# KERNEL: Kernel process initialization done.
# Allocation: Simulator allocated 6391 kB (elbread=427 elab2=5829 kernel=134 sdf=0)
# KERNEL: ASDB file was created in location C:\Users\franc\Desktop\TallerDeArq