Active-HDL 13.0.376.8320 2022-10-28 23:15:42

Elaboration top modules:
Architecture                  Driver(Test_Utils)


-----------------------------------------------------------------------------------------------------
Entity     | Architecture | Library         | Info | Compiler Version          | Compilation Options
-----------------------------------------------------------------------------------------------------
Test_Utils | Driver       | taller_de_arqui |      | 13.0.376.8320 (Windows64) | -O3
-----------------------------------------------------------------------------------------------------

-----------------------------------------------------------------------------------------------------
VHDL Package              | Library         | Info | Compiler Version          | Compilation Options
-----------------------------------------------------------------------------------------------------
standard                  | std             |      |                           | <unavailable>
Utils                     | taller_de_arqui |      | 13.0.376.8320 (Windows64) | -O3
-----------------------------------------------------------------------------------------------------

-----------------------------------------------------------------------------------------------------
Library                   | Comment
-----------------------------------------------------------------------------------------------------
std                       | Standard VHDL library
taller_de_arqui           | None
-----------------------------------------------------------------------------------------------------
